{"time": "2024-08-08 21:12:50,919", "level": "ERROR", "message": "Exception on /v1/auth/register [POST]"}
{"time": "2024-08-08 21:16:04,077", "level": "ERROR", "message": "Exception on /v1/auth/register [POST]"}
{"time": "2024-08-08 21:17:00,215", "level": "ERROR", "message": "Exception on /v1/auth/register [POST]"}
{"time": "2024-08-10 15:41:58,459", "level": "ERROR", "message": "Exception on /v1/auth/register [POST]"}
{"time": "2024-08-10 15:43:05,044", "level": "ERROR", "message": "Exception on /v1/auth/register [POST]"}
{"time": "2024-08-10 16:14:55,022", "level": "ERROR", "message": "Exception on /v1/auth/register [POST]"}
{"time": "2024-08-10 16:15:36,858", "level": "ERROR", "message": "Exception on /v1/auth/register [POST]"}
{"time": "2024-08-10 16:17:39,718", "level": "ERROR", "message": "Exception on /v1/auth/register [POST]"}
{"time": "2024-08-10 16:19:45,444", "level": "ERROR", "message": "Exception on /v1/auth/register [POST]"}
{"time": "2024-08-10 16:21:25,406", "level": "ERROR", "message": "Exception on /v1/auth/register [POST]"}
{"time": "2024-08-10 16:23:38,928", "level": "ERROR", "message": "Exception on /v1/auth/login [POST]"}
{"time": "2024-08-10 16:52:07,530", "level": "ERROR", "message": "Exception on /v1/auth/register [POST]"}
{"time": "2024-08-10 18:34:48,955", "level": "ERROR", "message": "Exception on /v1/auth/trigger_401 [GET]"}
{"time": "2024-08-10 18:35:15,310", "level": "ERROR", "message": "Exception on /v1/auth/trigger_401 [GET]"}
{"time": "2024-08-10 18:35:49,409", "level": "ERROR", "message": "Exception on /v1/auth/trigger_401 [GET]"}
{"time": "2024-08-10 18:42:41,994", "level": "ERROR", "message": "Exception on /v1/auth/trigger_401 [GET]"}
{"time": "2024-08-10 18:43:05,110", "level": "ERROR", "message": "Exception on /v1/auth/trigger_401 [GET]"}
{"time": "2024-08-10 18:49:10,927", "level": "ERROR", "message": "Exception on /v1/auth/trigger_401 [GET]"}
{"time": "2024-08-10 18:49:12,380", "level": "ERROR", "message": "Exception on /v1/auth/trigger_401 [GET]"}
{"time": "2024-08-10 18:53:18,057", "level": "ERROR", "message": "Exception on /v1/auth/trigger_401 [GET]"}
{"time": "2024-08-12 18:13:21,239", "level": "ERROR", "message": "Exception on /v1/auth/register [POST]"}
{"time": "2024-08-12 18:14:02,738", "level": "ERROR", "message": "Exception on /v1/auth/register [POST]"}
{"time": "2024-08-12 18:21:23,246", "level": "ERROR", "message": "Exception on /v1/auth/register [POST]"}
{"time": "2024-08-12 18:21:31,678", "level": "ERROR", "message": "Exception on /v1/auth/register [POST]"}
{"time": "2024-08-12 18:24:53,517", "level": "ERROR", "message": "Exception on /v1/auth/register [POST]"}
{"time": "2024-08-12 18:37:51,975", "level": "ERROR", "message": "Exception on /v1/auth/login [POST]"}
{"time": "2024-08-12 18:38:04,663", "level": "ERROR", "message": "Exception on /v1/auth/login [POST]"}
{"time": "2024-08-12 18:41:06,162", "level": "ERROR", "message": "Exception on /v1/auth/login [POST]"}
{"time": "2024-08-12 18:44:16,457", "level": "ERROR", "message": "Exception on /v1/auth/login [POST]"}
{"time": "2024-08-12 21:27:30,606", "level": "ERROR", "message": "Exception on /v1/auth/login [POST]"}
{"time": "2024-08-12 21:32:24,705", "level": "ERROR", "message": "Exception on /v1/auth/login [POST]"}
{"time": "2024-08-16 15:55:22,030", "level": "ERROR", "message": "Exception on /v1/grocery-name [POST]"}
{"time": "2024-08-16 15:59:33,531", "level": "ERROR", "message": "\nAn unexpected error occurred: An error occurred while saving the grocery name: 'grocery_name'"}
{"time": "2024-08-16 16:04:50,084", "level": "ERROR", "message": "Exception on /v1/grocery-name [POST]"}
{"time": "2024-08-16 16:13:33,933", "level": "ERROR", "message": "\nAn unexpected error occurred: An error occurred while saving the grocery name: Grocery Name: Dairy List already exists with you. \nPlease add a different grocery name."}
{"time": "2024-08-16 16:15:15,045", "level": "ERROR", "message": "Exception on /v1/grocery-name [POST]"}
{"time": "2024-08-16 16:20:21,528", "level": "ERROR", "message": "Exception on /v1/grocery-name [POST]"}
{"time": "2024-08-16 16:23:04,503", "level": "ERROR", "message": "Exception on /v1/grocery-name [POST]"}
{"time": "2024-08-16 16:31:16,662", "level": "ERROR", "message": "Exception on /v1/grocery-name [POST]"}
{"time": "2024-08-16 17:52:48,732", "level": "ERROR", "message": "Exception on /v1/auth/login [POST]"}
{"time": "2024-08-16 17:53:00,451", "level": "ERROR", "message": "Exception on /v1/auth/login [POST]"}
{"time": "2024-08-18 07:37:51,977", "level": "ERROR", "message": "Exception on /v1/grocery-name [POST]"}
{"time": "2024-08-18 07:57:20,065", "level": "ERROR", "message": "Exception on /v1/user/grocery-name-lists [GET]"}
{"time": "2024-08-18 13:17:15,509", "level": "ERROR", "message": "Exception on /v1/user/grocery-names-lists [GET]"}
{"time": "2024-08-18 13:20:59,778", "level": "ERROR", "message": "Exception on /v1/user/grocery-names-lists [GET]"}
{"time": "2024-08-18 13:28:14,177", "level": "ERROR", "message": "Exception on /v1/user/grocery-names-lists [GET]"}
{"time": "2024-08-18 13:35:35,884", "level": "ERROR", "message": "Exception on /v1/user/grocery-names-lists [GET]"}
{"time": "2024-08-20 14:56:06,555", "level": "ERROR", "message": "Exception on /v1/grocery-names [GET]"}
{"time": "2024-08-20 14:59:55,367", "level": "ERROR", "message": "Exception on /v1/grocery-names [GET]"}
{"time": "2024-08-20 15:00:41,691", "level": "ERROR", "message": "Exception on /v1/grocery-name [POST]"}
{"time": "2024-08-20 15:02:27,617", "level": "ERROR", "message": "Exception on /v1/grocery-names [GET]"}
{"time": "2024-08-20 15:33:38,938", "level": "ERROR", "message": "Exception on /v1/grocery-names [GET]"}
{"time": "2024-08-20 16:54:38,462", "level": "ERROR", "message": "Exception on /v1/grocery-names [GET]"}
{"time": "2024-08-21 16:25:47,215", "level": "ERROR", "message": "Exception on /v1/grocery-name [POST]"}
{"time": "2024-08-21 16:30:11,267", "level": "ERROR", "message": "Exception on /v1/grocery-name [POST]"}
{"time": "2024-08-21 16:31:47,298", "level": "ERROR", "message": "Exception on /v1/grocery-name [POST]"}
{"time": "2024-08-21 17:19:25,289", "level": "ERROR", "message": "Exception on /v1/grocery-name [POST]"}
{"time": "2024-08-24 14:08:20,069", "level": "ERROR", "message": "Exception on /v1/user/grocery-name-lists [GET]"}
{"time": "2024-08-24 14:08:38,839", "level": "ERROR", "message": "Exception on /v1/user/grocery-name-lists [GET]"}
{"time": "2024-08-24 14:09:29,130", "level": "ERROR", "message": "Exception on /v1/user/grocery-name-lists [GET]"}
{"time": "2024-08-24 14:10:00,245", "level": "ERROR", "message": "Exception on /v1/user/grocery-name-lists [GET]"}
{"time": "2024-08-25 09:41:56,063", "level": "ERROR", "message": "Exception on /v1/auth/forgot-password [POST]"}
{"time": "2024-08-25 09:42:41,788", "level": "ERROR", "message": "Exception on /v1/auth/forgot-password [POST]"}
{"time": "2024-08-25 09:44:10,862", "level": "ERROR", "message": "Exception on /v1/auth/forgot-password [POST]"}
{"time": "2024-08-25 09:48:34,791", "level": "ERROR", "message": "Exception on /v1/auth/forgot-password [POST]"}
{"time": "2024-08-25 11:43:19,053", "level": "ERROR", "message": "Exception on /v1/auth/forgot-password [POST]"}
{"time": "2024-08-25 11:44:00,100", "level": "ERROR", "message": "Exception on /v1/auth/forgot-password [POST]"}
{"time": "2024-08-25 11:48:33,419", "level": "ERROR", "message": "Exception on /v1/auth/forgot-password [POST]"}
{"time": "2024-08-25 11:50:02,331", "level": "ERROR", "message": "Exception on /v1/auth/forgot-password [POST]"}
{"time": "2024-08-25 14:05:17,705", "level": "ERROR", "message": "Exception on /v1/auth/forgot-password [POST]"}
{"time": "2024-08-25 14:05:59,309", "level": "ERROR", "message": "Exception on /v1/auth/forgot-password [POST]"}
{"time": "2024-08-25 14:06:02,321", "level": "ERROR", "message": "Exception on /v1/auth/forgot-password [POST]"}
{"time": "2024-08-25 14:08:07,063", "level": "ERROR", "message": "Exception on /v1/auth/forgot-password [POST]"}
{"time": "2024-08-25 14:10:35,386", "level": "ERROR", "message": "Exception on /v1/auth/forgot-password [POST]"}
{"time": "2024-08-25 14:23:58,093", "level": "ERROR", "message": "Exception on /v1/auth/forgot-password [POST]"}
{"time": "2024-08-25 14:24:27,473", "level": "ERROR", "message": "Exception on /v1/auth/forgot-password [POST]"}
{"time": "2024-08-25 14:26:25,835", "level": "ERROR", "message": "Exception on /v1/auth/forgot-password [POST]"}
{"time": "2024-08-25 14:29:58,019", "level": "ERROR", "message": "Exception on /v1/auth/forgot-password [POST]"}
{"time": "2024-08-25 14:36:53,264", "level": "ERROR", "message": "Exception on /v1/auth/forgot-password [POST]"}
{"time": "2024-08-25 19:02:31,901", "level": "ERROR", "message": "Exception on /v1/grocery-names/{grocery_name_id}/items [POST]"}
{"time": "2024-08-25 19:03:45,345", "level": "ERROR", "message": "Exception on /v1/grocery-names/{grocery_name_id}/items [POST]"}
{"time": "2024-08-25 19:03:55,896", "level": "ERROR", "message": "Exception on /v1/grocery-names/{grocery_name_id}/items [POST]"}
{"time": "2024-10-08 13:16:38,313", "level": "ERROR", "message": "Exception on /v1/auth/login [POST]"}
{"time": "2024-10-08 13:17:35,206", "level": "ERROR", "message": "Exception on /v1/auth/login [POST]"}
{"time": "2024-10-08 13:18:05,526", "level": "ERROR", "message": "Exception on /v1/auth/login [POST]"}
{"time": "2024-10-08 13:18:14,416", "level": "ERROR", "message": "Exception on /v1/auth/register [POST]"}
{"time": "2024-10-08 13:19:51,953", "level": "ERROR", "message": "Exception on /v1/auth/login [POST]"}
{"time": "2024-10-08 13:24:10,984", "level": "ERROR", "message": "Exception on /v1/grocery-names/1/items [POST]"}
{"time": "2024-10-08 13:27:03,007", "level": "ERROR", "message": "Exception on /v1/grocery-names/1/items [POST]"}
{"time": "2024-10-08 13:28:06,743", "level": "ERROR", "message": "\nDatabase error occurred: (pymysql.err.ProgrammingError) (1146, \"Table 'tempdatabase.grocery_list_name' doesn't exist\")\n[SQL: SELECT grocery_list_name.id AS grocery_list_name_id, grocery_list_name.name AS grocery_list_name_name, grocery_list_name.grocery_type AS grocery_list_name_grocery_type, grocery_list_name.created_at AS grocery_list_name_created_at, grocery_list_name.modified_at AS grocery_list_name_modified_at, grocery_list_name.is_active AS grocery_list_name_is_active, grocery_list_name.user_id AS grocery_list_name_user_id, user_1.id AS user_1_id, user_1.first_name AS user_1_first_name, user_1.last_name AS user_1_last_name, user_1.username AS user_1_username, user_1.password AS user_1_password, user_1.email AS user_1_email, user_1.address AS user_1_address, user_1.phone AS user_1_phone, user_1.is_active AS user_1_is_active, user_1.last_login AS user_1_last_login, user_1.created_at AS user_1_created_at, user_1.modified_at AS user_1_modified_at \nFROM grocery_list_name LEFT OUTER JOIN user AS user_1 ON user_1.id = grocery_list_name.user_id \nWHERE grocery_list_name.user_id = %(user_id_1)s AND grocery_list_name.name = %(name_1)s \n LIMIT %(param_1)s]\n[parameters: {'user_id_1': 1, 'name_1': 'General List', 'param_1': 1}]\n(Background on this error at: https://sqlalche.me/e/20/f405)"}
{"time": "2024-10-08 13:29:24,439", "level": "ERROR", "message": "\nDatabase error occurred: (pymysql.err.OperationalError) (1054, \"Unknown column 'grocery_item.grocery_list_name_id' in 'field list'\")\n[SQL: SELECT grocery_item.id AS grocery_item_id, grocery_item.grocery_list_name_id AS grocery_item_grocery_list_name_id, grocery_item.item_id AS grocery_item_item_id, grocery_item.is_active AS grocery_item_is_active, grocery_item.created_at AS grocery_item_created_at, grocery_item.modified_at AS grocery_item_modified_at, product_1.id AS product_1_id, product_1.name AS product_1_name, product_1.product_type AS product_1_product_type, product_1.created_at AS product_1_created_at, product_1.modified_at AS product_1_modified_at, store_1.id AS store_1_id, store_1.name AS store_1_name, store_1.description AS store_1_description, store_1.location AS store_1_location, store_1.created_at AS store_1_created_at, store_1.modified_at AS store_1_modified_at \nFROM grocery_item LEFT OUTER JOIN product AS product_1 ON product_1.id = grocery_item.item_id LEFT OUTER JOIN (store_product_mapping AS store_product_mapping_1 INNER JOIN store AS store_1 ON store_1.id = store_product_mapping_1.store_id) ON product_1.id = store_product_mapping_1.product_id \nWHERE %(param_1)s = grocery_item.grocery_list_name_id]\n[parameters: {'param_1': 17}]\n(Background on this error at: https://sqlalche.me/e/20/e3q8)"}
{"time": "2024-10-19 14:57:38,778", "level": "ERROR", "message": "Exception on /v1/auth/login [POST]"}
{"time": "2024-10-19 14:58:19,574", "level": "ERROR", "message": "\nDatabase error occurred: (pymysql.err.OperationalError) (1054, \"Unknown column 'grocery_item.grocery_list_name_id' in 'field list'\")\n[SQL: SELECT grocery_item.id AS grocery_item_id, grocery_item.grocery_list_name_id AS grocery_item_grocery_list_name_id, grocery_item.item_id AS grocery_item_item_id, grocery_item.is_active AS grocery_item_is_active, grocery_item.created_at AS grocery_item_created_at, grocery_item.modified_at AS grocery_item_modified_at, product_1.id AS product_1_id, product_1.name AS product_1_name, product_1.product_type AS product_1_product_type, product_1.created_at AS product_1_created_at, product_1.modified_at AS product_1_modified_at, store_1.id AS store_1_id, store_1.name AS store_1_name, store_1.description AS store_1_description, store_1.location AS store_1_location, store_1.created_at AS store_1_created_at, store_1.modified_at AS store_1_modified_at \nFROM grocery_item LEFT OUTER JOIN product AS product_1 ON product_1.id = grocery_item.item_id LEFT OUTER JOIN (store_product_mapping AS store_product_mapping_1 INNER JOIN store AS store_1 ON store_1.id = store_product_mapping_1.store_id) ON product_1.id = store_product_mapping_1.product_id \nWHERE %(param_1)s = grocery_item.grocery_list_name_id]\n[parameters: {'param_1': 18}]\n(Background on this error at: https://sqlalche.me/e/20/e3q8)"}
{"time": "2025-03-07 16:13:37,133", "level": "ERROR", "message": "Exception on /v1/user/grocery-name-lists [GET]"}
{"time": "2025-03-07 16:19:43,572", "level": "ERROR", "message": "Exception on /v1/user/grocery-name-lists [GET]"}
